<?xml version="1.0" encoding="UTF-8"?>
<!-- Generated by org.testng.reporters.JUnitXMLReporter -->
<testsuite hostname="Amirouches-MacBook-Pro.local" ignored="0" name="Surefire test" tests="3" failures="1" timestamp="2022-06-06T09:38:23 PDT" time="7.446" errors="0">
  <testcase name="verifyTitle" time="0.01" classname="com.ebay.tests.TestHomePage"/>
  <testcase name="electronicSelectionTest" time="3.183" classname="com.ebay.tests.TestHomePage">
    <failure type="org.openqa.selenium.WebDriverException" message="tab crashed
  (Session info: chrome=102.0.5005.61)
Build info: version: &amp;apos;4.2.1&amp;apos;, revision: &amp;apos;ac4d0fdd4a&amp;apos;
System info: host: &amp;apos;Amirouches-MacBook-Pro.local&amp;apos;, ip: &amp;apos;2601:642:4380:c070:9cb1:94e5:fd1a:6b7e%en0&amp;apos;, os.name: &amp;apos;Mac OS X&amp;apos;, os.arch: &amp;apos;x86_64&amp;apos;, os.version: &amp;apos;10.16&amp;apos;, java.version: &amp;apos;1.8.0_281&amp;apos;
Driver info: org.openqa.selenium.chrome.ChromeDriver
Command: [33b747678cd7947b4461cb1c0039b99b, getElementText {id=6e454d50-8325-4dd5-a097-d1a20a30b726}]
Capabilities {acceptInsecureCerts: false, browserName: chrome, browserVersion: 102.0.5005.61, chrome: {chromedriverVersion: 102.0.5005.61 (0e59bcc00cc4..., userDataDir: /var/folders/xh/s_c1x8q17vq...}, goog:chromeOptions: {debuggerAddress: localhost:49536}, networkConnectionEnabled: false, pageLoadStrategy: normal, platformName: MAC, proxy: Proxy(), se:cdp: ws://localhost:49536/devtoo..., se:cdpVersion: 102.0.5005.61, setWindowRect: true, strictFileInteractability: false, timeouts: {implicit: 0, pageLoad: 300000, script: 30000}, unhandledPromptBehavior: dismiss and notify, webauthn:extension:credBlob: true, webauthn:extension:largeBlob: true, webauthn:virtualAuthenticators: true}
Element: [[ChromeDriver: chrome on MAC (33b747678cd7947b4461cb1c0039b99b)] -&amp;gt; xpath: //*[@id=&amp;quot;gh-sbc&amp;quot;]/tbody/tr/td[2]/h3[1]/a]
Session ID: 33b747678cd7947b4461cb1c0039b99b">
      <![CDATA[org.openqa.selenium.WebDriverException: tab crashed
  (Session info: chrome=102.0.5005.61)
Build info: version: '4.2.1', revision: 'ac4d0fdd4a'
System info: host: 'Amirouches-MacBook-Pro.local', ip: '2601:642:4380:c070:9cb1:94e5:fd1a:6b7e%en0', os.name: 'Mac OS X', os.arch: 'x86_64', os.version: '10.16', java.version: '1.8.0_281'
Driver info: org.openqa.selenium.chrome.ChromeDriver
Command: [33b747678cd7947b4461cb1c0039b99b, getElementText {id=6e454d50-8325-4dd5-a097-d1a20a30b726}]
Capabilities {acceptInsecureCerts: false, browserName: chrome, browserVersion: 102.0.5005.61, chrome: {chromedriverVersion: 102.0.5005.61 (0e59bcc00cc4..., userDataDir: /var/folders/xh/s_c1x8q17vq...}, goog:chromeOptions: {debuggerAddress: localhost:49536}, networkConnectionEnabled: false, pageLoadStrategy: normal, platformName: MAC, proxy: Proxy(), se:cdp: ws://localhost:49536/devtoo..., se:cdpVersion: 102.0.5005.61, setWindowRect: true, strictFileInteractability: false, timeouts: {implicit: 0, pageLoad: 300000, script: 30000}, unhandledPromptBehavior: dismiss and notify, webauthn:extension:credBlob: true, webauthn:extension:largeBlob: true, webauthn:virtualAuthenticators: true}
Element: [[ChromeDriver: chrome on MAC (33b747678cd7947b4461cb1c0039b99b)] -> xpath: //*[@id="gh-sbc"]/tbody/tr/td[2]/h3[1]/a]
Session ID: 33b747678cd7947b4461cb1c0039b99b
at org.openqa.selenium.remote.codec.w3c.W3CHttpResponseCodec.createException(W3CHttpResponseCodec.java:200)
at org.openqa.selenium.remote.codec.w3c.W3CHttpResponseCodec.decode(W3CHttpResponseCodec.java:133)
at org.openqa.selenium.remote.codec.w3c.W3CHttpResponseCodec.decode(W3CHttpResponseCodec.java:53)
at org.openqa.selenium.remote.HttpCommandExecutor.execute(HttpCommandExecutor.java:184)
at org.openqa.selenium.remote.service.DriverCommandExecutor.invokeExecute(DriverCommandExecutor.java:167)
at org.openqa.selenium.remote.service.DriverCommandExecutor.execute(DriverCommandExecutor.java:142)
at org.openqa.selenium.remote.RemoteWebDriver.execute(RemoteWebDriver.java:551)
at org.openqa.selenium.remote.RemoteWebElement.execute(RemoteWebElement.java:257)
at org.openqa.selenium.remote.RemoteWebElement.getText(RemoteWebElement.java:207)
at com.ebay.base.pages.HomePage.electronicSelection(HomePage.java:38)
at com.ebay.tests.TestHomePage.electronicSelectionTest(TestHomePage.java:40)
at java.util.ArrayList.forEach(ArrayList.java:1259)
... Removed 36 stack frames]]>
    </failure>
  </testcase> <!-- electronicSelectionTest -->
  <testcase name="searchItemTest" time="0.0" classname="com.ebay.tests.TestHomePage"/>
</testsuite> <!-- Surefire test -->
